<?xml version="1.0" encoding="UTF-8"?>
<testsuite xmlns:xsi="http://www.w3.org/2001/XMLSchema-instance" xsi:noNamespaceSchemaLocation="https://maven.apache.org/surefire/maven-surefire-plugin/xsd/surefire-test-report.xsd" name="tech.donau.GreetingTest" time="17.943" tests="3" errors="0" skipped="0" failures="0">
  <properties>
[...]
</properties>
  <testcase name="testJaxrs" classname="tech.donau.GreetingTest" time="1.432"/>
  <testcase name="testVertx" classname="tech.donau.GreetingTest" time="0.025"/>
  <testcase name="testServlet" classname="tech.donau.GreetingTest" time="0.021"/>
</testsuite>